0 info it worked if it ends with ok
1 verbose cli [ 'C:\\Program Files\\nodejs\\node.exe',
1 verbose cli   'C:\\Program Files\\nodejs\\node_modules\\npm\\bin\\npm-cli.js',
1 verbose cli   'run',
1 verbose cli   'build' ]
2 info using npm@3.10.10
3 info using node@v6.9.4
4 verbose run-script [ 'prebuild', 'build', 'postbuild' ]
5 info lifecycle danktickets@1.0.0~prebuild: danktickets@1.0.0
6 silly lifecycle danktickets@1.0.0~prebuild: no script for prebuild, continuing
7 info lifecycle danktickets@1.0.0~build: danktickets@1.0.0
8 verbose lifecycle danktickets@1.0.0~build: unsafe-perm in lifecycle true
9 verbose lifecycle danktickets@1.0.0~build: PATH: C:\Program Files\nodejs\node_modules\npm\bin\node-gyp-bin;C:\Users\Eric\Desktop\Programmer God\Bootcamp code\newOldRoad\dankTickets2.0\node_modules\.bin;C:\Users\Eric\AppData\Roaming\npm;C:\Program Files\nodejs\;C:\Program Files\Broadcom\Broadcom 802.11\Driver;;C:\ProgramData\Oracle\Java\javapath;c:\Program Files (x86)\AMD APP\bin\x86_64;c:\Program Files (x86)\AMD APP\bin\x86;C:\Windows\system32;C:\Windows;C:\Windows\System32\Wbem;C:\Windows\System32\WindowsPowerShell\v1.0\;c:\Program Files (x86)\ATI Technologies\ATI.ACE\Core-Static;C:\Users\Eric\.dnx\bin;C:\Program Files\Microsoft DNX\Dnvm\;C:\Program Files (x86)\Windows Kits\8.1\Windows Performance Toolkit\;C:\Program Files\Microsoft SQL Server\110\Tools\Binn\;C:\Program Files (x86)\Microsoft SDKs\TypeScript\1.0\;C:\Program Files\Microsoft SQL Server\120\Tools\Binn\;C:\Program Files (x86)\Calibre2\;C:\Program Files (x86)\Skype\Phone\;C:\Program Files\nodejs\;C:\Program Files\Git\cmd;C:\Program Files\Intel\WiFi\bin\;C:\Program Files\Common Files\Intel\WirelessCommon\C:\Program Files\MongoDB\Server\3.4\bin;C:\Program Files (x86)\Microsoft VS Code\bin;C:\Program Files\Heroku\bin;C:\Program Files\chromedriver_win32;C:\Users\Eric\AppData\Local\atom\bin;C:\Users\Eric\AppData\Local\Android/sdk/platform-tools
10 verbose lifecycle danktickets@1.0.0~build: CWD: C:\Users\Eric\Desktop\Programmer God\Bootcamp code\newOldRoad\dankTickets2.0
11 silly lifecycle danktickets@1.0.0~build: Args: [ '/d /s /c',
11 silly lifecycle   'browserify ./public/js/controllers/createCtrl.js -o ./public/bundle.js' ]
12 silly lifecycle danktickets@1.0.0~build: Returned: code: 1  signal: null
13 info lifecycle danktickets@1.0.0~build: Failed to exec build script
14 verbose stack Error: danktickets@1.0.0 build: `browserify ./public/js/controllers/createCtrl.js -o ./public/bundle.js`
14 verbose stack Exit status 1
14 verbose stack     at EventEmitter.<anonymous> (C:\Program Files\nodejs\node_modules\npm\lib\utils\lifecycle.js:255:16)
14 verbose stack     at emitTwo (events.js:106:13)
14 verbose stack     at EventEmitter.emit (events.js:191:7)
14 verbose stack     at ChildProcess.<anonymous> (C:\Program Files\nodejs\node_modules\npm\lib\utils\spawn.js:40:14)
14 verbose stack     at emitTwo (events.js:106:13)
14 verbose stack     at ChildProcess.emit (events.js:191:7)
14 verbose stack     at maybeClose (internal/child_process.js:877:16)
14 verbose stack     at Process.ChildProcess._handle.onexit (internal/child_process.js:226:5)
15 verbose pkgid danktickets@1.0.0
16 verbose cwd C:\Users\Eric\Desktop\Programmer God\Bootcamp code\newOldRoad\dankTickets2.0
17 error Windows_NT 6.1.7601
18 error argv "C:\\Program Files\\nodejs\\node.exe" "C:\\Program Files\\nodejs\\node_modules\\npm\\bin\\npm-cli.js" "run" "build"
19 error node v6.9.4
20 error npm  v3.10.10
21 error code ELIFECYCLE
22 error danktickets@1.0.0 build: `browserify ./public/js/controllers/createCtrl.js -o ./public/bundle.js`
22 error Exit status 1
23 error Failed at the danktickets@1.0.0 build script 'browserify ./public/js/controllers/createCtrl.js -o ./public/bundle.js'.
23 error Make sure you have the latest version of node.js and npm installed.
23 error If you do, this is most likely a problem with the danktickets package,
23 error not with npm itself.
23 error Tell the author that this fails on your system:
23 error     browserify ./public/js/controllers/createCtrl.js -o ./public/bundle.js
23 error You can get information on how to open an issue for this project with:
23 error     npm bugs danktickets
23 error Or if that isn't available, you can get their info via:
23 error     npm owner ls danktickets
23 error There is likely additional logging output above.
24 verbose exit [ 1, true ]
